WARNING: A terminally deprecated method in sun.misc.Unsafe has been called
WARNING: sun.misc.Unsafe::staticFieldBase has been called by com.google.inject.internal.aop.HiddenClassDefiner (file:/opt/homebrew/Cellar/maven/3.9.11/libexec/lib/guice-5.1.0-classes.jar)
WARNING: Please consider reporting this to the maintainers of class com.google.inject.internal.aop.HiddenClassDefiner
WARNING: sun.misc.Unsafe::staticFieldBase will be removed in a future release
[INFO] Scanning for projects...
[INFO] ------------------------------------------------------------------------
[INFO] Detecting the operating system and CPU architecture
[INFO] ------------------------------------------------------------------------
[INFO] os.detected.name: osx
[INFO] os.detected.arch: aarch_64
[INFO] os.detected.bitness: 64
[INFO] os.detected.version: 15.7
[INFO] os.detected.version.major: 15
[INFO] os.detected.version.minor: 7
[INFO] os.detected.classifier: osx-aarch_64
[INFO] 
[INFO] ----------------< co3017.microservices:content-service >----------------
[INFO] Building content-service 0.0.1-SNAPSHOT
[INFO]   from pom.xml
[INFO] --------------------------------[ jar ]---------------------------------
[INFO] 
[INFO] >>> spring-boot:3.5.6:run (default-cli) > test-compile @ content-service >>>
[INFO] 
[INFO] --- protobuf:0.6.1:compile (default) @ content-service ---
[INFO] No proto files to compile.
[INFO] 
[INFO] --- protobuf:0.6.1:compile-custom (default) @ content-service ---
[INFO] No proto files to compile.
[INFO] 
[INFO] --- resources:3.3.1:resources (default-resources) @ content-service ---
[INFO] Copying 3 resources from src/main/resources to target/classes
[INFO] Copying 2 resources from src/main/resources to target/classes
[INFO] 
[INFO] --- compiler:3.14.0:compile (default-compile) @ content-service ---
[INFO] Recompiling the module because of changed source code.
[INFO] Compiling 121 source files with javac [debug parameters release 17] to target/classes
[WARNING] /Users/tantai/Workspaces/hcmut/co3017-software-architecture/src/content/src/main/java/co3017/microservices/content_service/repository/postgresql/specification/ContentUnitSpecification.java:[16,29] <T>where(org.springframework.data.jpa.domain.Specification<T>) in org.springframework.data.jpa.domain.Specification has been deprecated and marked for removal
[WARNING] /Users/tantai/Workspaces/hcmut/co3017-software-architecture/src/content/src/main/java/co3017/microservices/content_service/repository/postgresql/specification/ContentUnitSpecification.java:[52,70] <T>where(org.springframework.data.jpa.domain.Specification<T>) in org.springframework.data.jpa.domain.Specification has been deprecated and marked for removal
[WARNING] /Users/tantai/Workspaces/hcmut/co3017-software-architecture/src/content/src/main/java/co3017/microservices/content_service/repository/postgresql/specification/ContentVersionSpecification.java:[15,29] <T>where(org.springframework.data.jpa.domain.Specification<T>) in org.springframework.data.jpa.domain.Specification has been deprecated and marked for removal
[WARNING] /Users/tantai/Workspaces/hcmut/co3017-software-architecture/src/content/src/main/java/co3017/microservices/content_service/repository/postgresql/specification/ContentVersionSpecification.java:[58,73] <T>where(org.springframework.data.jpa.domain.Specification<T>) in org.springframework.data.jpa.domain.Specification has been deprecated and marked for removal
[WARNING] /Users/tantai/Workspaces/hcmut/co3017-software-architecture/src/content/src/main/java/co3017/microservices/content_service/repository/postgresql/specification/MetadataTagSpecification.java:[14,29] <T>where(org.springframework.data.jpa.domain.Specification<T>) in org.springframework.data.jpa.domain.Specification has been deprecated and marked for removal
[WARNING] /Users/tantai/Workspaces/hcmut/co3017-software-architecture/src/content/src/main/java/co3017/microservices/content_service/repository/postgresql/specification/MetadataTagSpecification.java:[33,70] <T>where(org.springframework.data.jpa.domain.Specification<T>) in org.springframework.data.jpa.domain.Specification has been deprecated and marked for removal
[INFO] 
[INFO] --- resources:3.3.1:testResources (default-testResources) @ content-service ---
[INFO] skip non existing resourceDirectory /Users/tantai/Workspaces/hcmut/co3017-software-architecture/src/content/src/test/resources
[INFO] 
[INFO] --- compiler:3.14.0:testCompile (default-testCompile) @ content-service ---
[INFO] Recompiling the module because of changed dependency.
[INFO] 
[INFO] <<< spring-boot:3.5.6:run (default-cli) < test-compile @ content-service <<<
[INFO] 
[INFO] 
[INFO] --- spring-boot:3.5.6:run (default-cli) @ content-service ---
[INFO] Attaching agents: []

  .   ____          _            __ _ _
 /\\ / ___'_ __ _ _(_)_ __  __ _ \ \ \ \
( ( )\___ | '_ | '_| | '_ \/ _` | \ \ \ \
 \\/  ___)| |_)| | | | | || (_| |  ) ) ) )
  '  |____| .__|_| |_|_| |_\__, | / / / /
 =========|_|==============|___/=/_/_/_/

 :: Spring Boot ::                (v3.5.6)

2025-11-21T17:02:28.378+07:00  INFO 50472 --- [content-service] [           main] c.m.c.config.ContentServiceApplication   : Starting ContentServiceApplication using Java 25 with PID 50472 (/Users/tantai/Workspaces/hcmut/co3017-software-architecture/src/content/target/classes started by tantai in /Users/tantai/Workspaces/hcmut/co3017-software-architecture/src/content)
2025-11-21T17:02:28.378+07:00 DEBUG 50472 --- [content-service] [           main] c.m.c.config.ContentServiceApplication   : Running with Spring Boot v3.5.6, Spring v6.2.11
2025-11-21T17:02:28.378+07:00  INFO 50472 --- [content-service] [           main] c.m.c.config.ContentServiceApplication   : No active profile set, falling back to 1 default profile: "default"
2025-11-21T17:02:28.540+07:00  INFO 50472 --- [content-service] [           main] .s.d.r.c.RepositoryConfigurationDelegate : Bootstrapping Spring Data JPA repositories in DEFAULT mode.
2025-11-21T17:02:28.556+07:00  INFO 50472 --- [content-service] [           main] .s.d.r.c.RepositoryConfigurationDelegate : Finished Spring Data repository scanning in 14 ms. Found 6 JPA repository interfaces.
2025-11-21T17:02:28.763+07:00  INFO 50472 --- [content-service] [           main] o.s.b.w.embedded.tomcat.TomcatWebServer  : Tomcat initialized with port 8081 (http)
2025-11-21T17:02:28.768+07:00  INFO 50472 --- [content-service] [           main] o.apache.catalina.core.StandardService   : Starting service [Tomcat]
2025-11-21T17:02:28.768+07:00  INFO 50472 --- [content-service] [           main] o.apache.catalina.core.StandardEngine    : Starting Servlet engine: [Apache Tomcat/10.1.46]
2025-11-21T17:02:28.785+07:00  INFO 50472 --- [content-service] [           main] o.a.c.c.C.[Tomcat].[localhost].[/]       : Initializing Spring embedded WebApplicationContext
2025-11-21T17:02:28.785+07:00  INFO 50472 --- [content-service] [           main] w.s.c.ServletWebServerApplicationContext : Root WebApplicationContext: initialization completed in 390 ms
2025-11-21T17:02:28.830+07:00  INFO 50472 --- [content-service] [           main] o.hibernate.jpa.internal.util.LogHelper  : HHH000204: Processing PersistenceUnitInfo [name: default]
2025-11-21T17:02:28.842+07:00  INFO 50472 --- [content-service] [           main] org.hibernate.Version                    : HHH000412: Hibernate ORM core version 6.6.29.Final
2025-11-21T17:02:28.849+07:00  INFO 50472 --- [content-service] [           main] o.h.c.internal.RegionFactoryInitiator    : HHH000026: Second-level cache disabled
2025-11-21T17:02:28.931+07:00  INFO 50472 --- [content-service] [           main] o.s.o.j.p.SpringPersistenceUnitInfo      : No LoadTimeWeaver setup: ignoring JPA class transformer
2025-11-21T17:02:28.941+07:00  INFO 50472 --- [content-service] [           main] com.zaxxer.hikari.HikariDataSource       : HikariPool-1 - Starting...
2025-11-21T17:02:29.010+07:00  INFO 50472 --- [content-service] [           main] com.zaxxer.hikari.pool.HikariPool        : HikariPool-1 - Added connection org.postgresql.jdbc.PgConnection@74bbc273
2025-11-21T17:02:29.011+07:00  INFO 50472 --- [content-service] [           main] com.zaxxer.hikari.HikariDataSource       : HikariPool-1 - Start completed.
2025-11-21T17:02:29.026+07:00  WARN 50472 --- [content-service] [           main] org.hibernate.orm.deprecation            : HHH90000025: PostgreSQLDialect does not need to be specified explicitly using 'hibernate.dialect' (remove the property setting and it will be selected by default)
2025-11-21T17:02:29.032+07:00  INFO 50472 --- [content-service] [           main] org.hibernate.orm.connections.pooling    : HHH10001005: Database info:
	Database JDBC URL [Connecting through datasource 'HikariDataSource (HikariPool-1)']
	Database driver: undefined/unknown
	Database version: 18.1
	Autocommit mode: undefined/unknown
	Isolation level: undefined/unknown
	Minimum pool size: undefined/unknown
	Maximum pool size: undefined/unknown
2025-11-21T17:02:29.259+07:00  INFO 50472 --- [content-service] [           main] o.h.e.t.j.p.i.JtaPlatformInitiator       : HHH000489: No JTA platform available (set 'hibernate.transaction.jta.platform' to enable JTA platform integration)
2025-11-21T17:02:29.281+07:00  INFO 50472 --- [content-service] [           main] j.LocalContainerEntityManagerFactoryBean : Initialized JPA EntityManagerFactory for persistence unit 'default'
2025-11-21T17:02:29.386+07:00  INFO 50472 --- [content-service] [           main] o.s.d.j.r.query.QueryEnhancerFactory     : Hibernate is in classpath; If applicable, HQL parser will be used.
2025-11-21T17:02:29.553+07:00  INFO 50472 --- [content-service] [           main] o.s.v.b.OptionalValidatorFactoryBean     : Failed to set up a Bean Validation provider: jakarta.validation.NoProviderFoundException: Unable to create a Configuration, because no Jakarta Bean Validation provider could be found. Add a provider like Hibernate Validator (RI) to your classpath.
2025-11-21T17:02:29.574+07:00 DEBUG 50472 --- [content-service] [           main] s.w.s.m.m.a.RequestMappingHandlerMapping : 35 mappings in 'requestMappingHandlerMapping'
2025-11-21T17:02:29.598+07:00 DEBUG 50472 --- [content-service] [           main] o.s.w.s.handler.SimpleUrlHandlerMapping  : Patterns [/webjars/**, /**, /content/swagger/swagger-ui*/*swagger-initializer.js, /content/swagger/swagger-ui*/**] in 'resourceHandlerMapping'
2025-11-21T17:02:29.604+07:00 DEBUG 50472 --- [content-service] [           main] s.w.s.m.m.a.RequestMappingHandlerAdapter : ControllerAdvice beans: 0 @ModelAttribute, 0 @InitBinder, 1 RequestBodyAdvice, 1 ResponseBodyAdvice
2025-11-21T17:02:29.618+07:00 DEBUG 50472 --- [content-service] [           main] .m.m.a.ExceptionHandlerExceptionResolver : ControllerAdvice beans: 1 @ExceptionHandler, 1 ResponseBodyAdvice
2025-11-21T17:02:29.686+07:00  INFO 50472 --- [content-service] [           main] o.s.b.w.embedded.tomcat.TomcatWebServer  : Tomcat started on port 8081 (http) with context path '/'
2025-11-21T17:02:29.689+07:00  INFO 50472 --- [content-service] [           main] c.m.c.config.ContentServiceApplication   : Started ContentServiceApplication in 1.441 seconds (process running for 1.541)
2025-11-21T17:02:35.122+07:00  INFO 50472 --- [content-service] [nio-8081-exec-1] o.a.c.c.C.[Tomcat].[localhost].[/]       : Initializing Spring DispatcherServlet 'dispatcherServlet'
2025-11-21T17:02:35.123+07:00  INFO 50472 --- [content-service] [nio-8081-exec-1] o.s.web.servlet.DispatcherServlet        : Initializing Servlet 'dispatcherServlet'
2025-11-21T17:02:35.123+07:00 DEBUG 50472 --- [content-service] [nio-8081-exec-1] o.s.web.servlet.DispatcherServlet        : Detected StandardServletMultipartResolver
2025-11-21T17:02:35.123+07:00 DEBUG 50472 --- [content-service] [nio-8081-exec-1] o.s.web.servlet.DispatcherServlet        : Detected AcceptHeaderLocaleResolver
2025-11-21T17:02:35.123+07:00 DEBUG 50472 --- [content-service] [nio-8081-exec-1] o.s.web.servlet.DispatcherServlet        : Detected FixedThemeResolver
2025-11-21T17:02:35.123+07:00 DEBUG 50472 --- [content-service] [nio-8081-exec-1] o.s.web.servlet.DispatcherServlet        : Detected org.springframework.web.servlet.view.DefaultRequestToViewNameTranslator@2d9cc10
2025-11-21T17:02:35.123+07:00 DEBUG 50472 --- [content-service] [nio-8081-exec-1] o.s.web.servlet.DispatcherServlet        : Detected org.springframework.web.servlet.support.SessionFlashMapManager@30dbcffd
2025-11-21T17:02:35.123+07:00 DEBUG 50472 --- [content-service] [nio-8081-exec-1] o.s.web.servlet.DispatcherServlet        : enableLoggingRequestDetails='false': request parameters and headers will be masked to prevent unsafe logging of potentially sensitive data
2025-11-21T17:02:35.124+07:00  INFO 50472 --- [content-service] [nio-8081-exec-1] o.s.web.servlet.DispatcherServlet        : Completed initialization in 1 ms
2025-11-21T17:02:35.126+07:00 DEBUG 50472 --- [content-service] [nio-8081-exec-1] o.s.web.servlet.DispatcherServlet        : GET "/content/swagger/index.html", parameters={}
2025-11-21T17:02:35.129+07:00 DEBUG 50472 --- [content-service] [nio-8081-exec-1] s.w.s.m.m.a.RequestMappingHandlerMapping : Mapped to org.springdoc.webmvc.ui.SwaggerWelcomeWebMvc#redirectToUi(HttpServletRequest)
2025-11-21T17:02:35.149+07:00 DEBUG 50472 --- [content-service] [nio-8081-exec-1] o.s.w.s.m.m.a.HttpEntityMethodProcessor  : Using 'application/json', given [*/*] and supported [application/json, application/*+json, application/yaml]
2025-11-21T17:02:35.149+07:00 DEBUG 50472 --- [content-service] [nio-8081-exec-1] o.s.w.s.m.m.a.HttpEntityMethodProcessor  : Nothing to write: null body
2025-11-21T17:02:35.149+07:00 DEBUG 50472 --- [content-service] [nio-8081-exec-1] o.s.web.servlet.DispatcherServlet        : Completed 302 FOUND
2025-11-21T17:02:43.589+07:00 DEBUG 50472 --- [content-service] [nio-8081-exec-3] o.s.web.servlet.DispatcherServlet        : GET "/content/swagger/index.html", parameters={}
2025-11-21T17:02:43.589+07:00 DEBUG 50472 --- [content-service] [nio-8081-exec-3] s.w.s.m.m.a.RequestMappingHandlerMapping : Mapped to org.springdoc.webmvc.ui.SwaggerWelcomeWebMvc#redirectToUi(HttpServletRequest)
2025-11-21T17:02:43.590+07:00 DEBUG 50472 --- [content-service] [nio-8081-exec-3] o.s.w.s.m.m.a.HttpEntityMethodProcessor  : Using 'application/json', given [*/*] and supported [application/json, application/*+json, application/yaml]
2025-11-21T17:02:43.590+07:00 DEBUG 50472 --- [content-service] [nio-8081-exec-3] o.s.w.s.m.m.a.HttpEntityMethodProcessor  : Nothing to write: null body
2025-11-21T17:02:43.590+07:00 DEBUG 50472 --- [content-service] [nio-8081-exec-3] o.s.web.servlet.DispatcherServlet        : Completed 302 FOUND
2025-11-21T17:02:43.591+07:00 DEBUG 50472 --- [content-service] [nio-8081-exec-4] o.s.web.servlet.DispatcherServlet        : GET "/content/swagger/swagger-ui/index.html", parameters={}
2025-11-21T17:02:43.592+07:00 DEBUG 50472 --- [content-service] [nio-8081-exec-4] o.s.w.s.handler.SimpleUrlHandlerMapping  : Mapped to ResourceHttpRequestHandler [classpath [META-INF/resources/webjars/]]
2025-11-21T17:02:43.593+07:00 DEBUG 50472 --- [content-service] [nio-8081-exec-4] o.s.web.servlet.DispatcherServlet        : Completed 200 OK
2025-11-21T17:05:16.185+07:00 DEBUG 50472 --- [content-service] [nio-8081-exec-5] o.s.web.servlet.DispatcherServlet        : GET "/content/swagger/index.html", parameters={}
2025-11-21T17:05:16.188+07:00 DEBUG 50472 --- [content-service] [nio-8081-exec-5] s.w.s.m.m.a.RequestMappingHandlerMapping : Mapped to org.springdoc.webmvc.ui.SwaggerWelcomeWebMvc#redirectToUi(HttpServletRequest)
2025-11-21T17:05:16.196+07:00 DEBUG 50472 --- [content-service] [nio-8081-exec-5] o.s.w.s.m.m.a.HttpEntityMethodProcessor  : Using 'application/json;q=0.8', given [text/html, application/xhtml+xml, image/avif, image/webp, image/apng, application/xml;q=0.9, */*;q=0.8, application/signed-exchange;v=b3;q=0.7] and supported [application/json, application/*+json, application/yaml]
2025-11-21T17:05:16.202+07:00 DEBUG 50472 --- [content-service] [nio-8081-exec-5] o.s.w.s.m.m.a.HttpEntityMethodProcessor  : Nothing to write: null body
2025-11-21T17:05:16.203+07:00 DEBUG 50472 --- [content-service] [nio-8081-exec-5] o.s.web.servlet.DispatcherServlet        : Completed 302 FOUND
2025-11-21T17:05:16.209+07:00 DEBUG 50472 --- [content-service] [nio-8081-exec-6] o.s.web.servlet.DispatcherServlet        : GET "/content/swagger/index.html", parameters={}
2025-11-21T17:05:16.209+07:00 DEBUG 50472 --- [content-service] [nio-8081-exec-6] s.w.s.m.m.a.RequestMappingHandlerMapping : Mapped to org.springdoc.webmvc.ui.SwaggerWelcomeWebMvc#redirectToUi(HttpServletRequest)
2025-11-21T17:05:16.210+07:00 DEBUG 50472 --- [content-service] [nio-8081-exec-6] o.s.w.s.m.m.a.HttpEntityMethodProcessor  : Using 'application/json;q=0.8', given [text/html, application/xhtml+xml, image/avif, image/webp, image/apng, application/xml;q=0.9, */*;q=0.8, application/signed-exchange;v=b3;q=0.7] and supported [application/json, application/*+json, application/yaml]
2025-11-21T17:05:16.210+07:00 DEBUG 50472 --- [content-service] [nio-8081-exec-6] o.s.w.s.m.m.a.HttpEntityMethodProcessor  : Nothing to write: null body
2025-11-21T17:05:16.210+07:00 DEBUG 50472 --- [content-service] [nio-8081-exec-6] o.s.web.servlet.DispatcherServlet        : Completed 302 FOUND
2025-11-21T17:05:16.212+07:00 DEBUG 50472 --- [content-service] [nio-8081-exec-7] o.s.web.servlet.DispatcherServlet        : GET "/content/swagger/swagger-ui/index.html", parameters={}
2025-11-21T17:05:16.214+07:00 DEBUG 50472 --- [content-service] [nio-8081-exec-7] o.s.w.s.handler.SimpleUrlHandlerMapping  : Mapped to ResourceHttpRequestHandler [classpath [META-INF/resources/webjars/]]
2025-11-21T17:05:16.216+07:00 DEBUG 50472 --- [content-service] [nio-8081-exec-7] o.s.web.servlet.DispatcherServlet        : Completed 200 OK
2025-11-21T17:05:16.261+07:00 DEBUG 50472 --- [content-service] [nio-8081-exec-8] o.s.web.servlet.DispatcherServlet        : GET "/content/swagger/swagger-ui/swagger-ui.css", parameters={}
2025-11-21T17:05:16.263+07:00 DEBUG 50472 --- [content-service] [nio-8081-exec-8] o.s.w.s.handler.SimpleUrlHandlerMapping  : Mapped to ResourceHttpRequestHandler [classpath [META-INF/resources/webjars/]]
2025-11-21T17:05:16.263+07:00 DEBUG 50472 --- [content-service] [io-8081-exec-10] o.s.web.servlet.DispatcherServlet        : GET "/content/swagger/swagger-ui/swagger-ui-bundle.js", parameters={}
2025-11-21T17:05:16.263+07:00 DEBUG 50472 --- [content-service] [nio-8081-exec-1] o.s.web.servlet.DispatcherServlet        : GET "/content/swagger/swagger-ui/swagger-ui-standalone-preset.js", parameters={}
2025-11-21T17:05:16.263+07:00 DEBUG 50472 --- [content-service] [nio-8081-exec-9] o.s.web.servlet.DispatcherServlet        : GET "/content/swagger/swagger-ui/index.css", parameters={}
2025-11-21T17:05:16.263+07:00 DEBUG 50472 --- [content-service] [io-8081-exec-10] o.s.w.s.handler.SimpleUrlHandlerMapping  : Mapped to ResourceHttpRequestHandler [classpath [META-INF/resources/webjars/]]
2025-11-21T17:05:16.263+07:00 DEBUG 50472 --- [content-service] [nio-8081-exec-1] o.s.w.s.handler.SimpleUrlHandlerMapping  : Mapped to ResourceHttpRequestHandler [classpath [META-INF/resources/webjars/]]
2025-11-21T17:05:16.263+07:00 DEBUG 50472 --- [content-service] [nio-8081-exec-9] o.s.w.s.handler.SimpleUrlHandlerMapping  : Mapped to ResourceHttpRequestHandler [classpath [META-INF/resources/webjars/]]
2025-11-21T17:05:16.264+07:00 DEBUG 50472 --- [content-service] [nio-8081-exec-2] o.s.web.servlet.DispatcherServlet        : GET "/content/swagger/swagger-ui/swagger-initializer.js", parameters={}
2025-11-21T17:05:16.264+07:00 DEBUG 50472 --- [content-service] [nio-8081-exec-9] o.s.web.servlet.DispatcherServlet        : Completed 200 OK
2025-11-21T17:05:16.264+07:00 DEBUG 50472 --- [content-service] [nio-8081-exec-2] o.s.w.s.handler.SimpleUrlHandlerMapping  : Mapped to ResourceHttpRequestHandler [classpath [META-INF/resources/webjars/]]
2025-11-21T17:05:16.264+07:00 DEBUG 50472 --- [content-service] [nio-8081-exec-8] o.s.web.servlet.DispatcherServlet        : Completed 200 OK
2025-11-21T17:05:16.270+07:00 DEBUG 50472 --- [content-service] [nio-8081-exec-1] o.s.web.servlet.DispatcherServlet        : Completed 200 OK
2025-11-21T17:05:16.275+07:00 DEBUG 50472 --- [content-service] [io-8081-exec-10] o.s.web.servlet.DispatcherServlet        : Completed 200 OK
2025-11-21T17:05:16.286+07:00 DEBUG 50472 --- [content-service] [nio-8081-exec-2] o.s.web.servlet.DispatcherServlet        : Completed 200 OK
2025-11-21T17:05:16.287+07:00 DEBUG 50472 --- [content-service] [nio-8081-exec-3] o.s.web.servlet.DispatcherServlet        : GET "/content/swagger/swagger-ui/swagger-initializer.js", parameters={}
2025-11-21T17:05:16.287+07:00 DEBUG 50472 --- [content-service] [nio-8081-exec-3] o.s.w.s.handler.SimpleUrlHandlerMapping  : Mapped to ResourceHttpRequestHandler [classpath [META-INF/resources/webjars/]]
2025-11-21T17:05:16.288+07:00 DEBUG 50472 --- [content-service] [nio-8081-exec-3] o.s.web.servlet.DispatcherServlet        : Completed 200 OK
2025-11-21T17:05:16.336+07:00 DEBUG 50472 --- [content-service] [nio-8081-exec-4] o.s.web.servlet.DispatcherServlet        : GET "/v3/api-docs/swagger-config", parameters={}
2025-11-21T17:05:16.336+07:00 DEBUG 50472 --- [content-service] [nio-8081-exec-4] s.w.s.m.m.a.RequestMappingHandlerMapping : Mapped to org.springdoc.webmvc.ui.SwaggerConfigResource#openapiJson(HttpServletRequest)
2025-11-21T17:05:16.338+07:00 DEBUG 50472 --- [content-service] [nio-8081-exec-4] m.m.a.RequestResponseBodyMethodProcessor : Using 'application/json', given [*/*] and supported [application/json]
2025-11-21T17:05:16.339+07:00 DEBUG 50472 --- [content-service] [nio-8081-exec-4] m.m.a.RequestResponseBodyMethodProcessor : Writing [{configUrl=/v3/api-docs/swagger-config, oauth2RedirectUrl=http://localhost:8081/content/swagger/swag (truncated)...]
2025-11-21T17:05:16.344+07:00 DEBUG 50472 --- [content-service] [nio-8081-exec-4] o.s.web.servlet.DispatcherServlet        : Completed 200 OK
2025-11-21T17:05:16.344+07:00 DEBUG 50472 --- [content-service] [nio-8081-exec-5] o.s.web.servlet.DispatcherServlet        : GET "/v3/api-docs/swagger-config", parameters={}
2025-11-21T17:05:16.344+07:00 DEBUG 50472 --- [content-service] [nio-8081-exec-5] s.w.s.m.m.a.RequestMappingHandlerMapping : Mapped to org.springdoc.webmvc.ui.SwaggerConfigResource#openapiJson(HttpServletRequest)
2025-11-21T17:05:16.345+07:00 DEBUG 50472 --- [content-service] [nio-8081-exec-5] m.m.a.RequestResponseBodyMethodProcessor : Using 'application/json', given [*/*] and supported [application/json]
2025-11-21T17:05:16.345+07:00 DEBUG 50472 --- [content-service] [nio-8081-exec-5] m.m.a.RequestResponseBodyMethodProcessor : Writing [{configUrl=/v3/api-docs/swagger-config, oauth2RedirectUrl=http://localhost:8081/content/swagger/swag (truncated)...]
2025-11-21T17:05:16.345+07:00 DEBUG 50472 --- [content-service] [nio-8081-exec-5] o.s.web.servlet.DispatcherServlet        : Completed 200 OK
2025-11-21T17:05:16.355+07:00 DEBUG 50472 --- [content-service] [nio-8081-exec-6] o.s.web.servlet.DispatcherServlet        : GET "/v3/api-docs", parameters={}
2025-11-21T17:05:16.355+07:00 DEBUG 50472 --- [content-service] [nio-8081-exec-6] s.w.s.m.m.a.RequestMappingHandlerMapping : Mapped to org.springdoc.webmvc.api.OpenApiWebMvcResource#openapiJson(HttpServletRequest, String, Locale)
2025-11-21T17:05:16.381+07:00 DEBUG 50472 --- [content-service] [nio-8081-exec-7] o.s.web.servlet.DispatcherServlet        : GET "/content/swagger/swagger-ui/favicon-32x32.png", parameters={}
2025-11-21T17:05:16.381+07:00 DEBUG 50472 --- [content-service] [nio-8081-exec-7] o.s.w.s.handler.SimpleUrlHandlerMapping  : Mapped to ResourceHttpRequestHandler [classpath [META-INF/resources/webjars/]]
2025-11-21T17:05:16.382+07:00 DEBUG 50472 --- [content-service] [nio-8081-exec-7] o.s.web.servlet.DispatcherServlet        : Completed 200 OK
2025-11-21T17:05:16.525+07:00  INFO 50472 --- [content-service] [nio-8081-exec-6] o.springdoc.api.AbstractOpenApiResource  : Init duration for springdoc-openapi is: 161 ms
2025-11-21T17:05:16.535+07:00 DEBUG 50472 --- [content-service] [nio-8081-exec-6] m.m.a.RequestResponseBodyMethodProcessor : Using 'application/json', given [application/json, */*] and supported [application/json]
2025-11-21T17:05:16.540+07:00 DEBUG 50472 --- [content-service] [nio-8081-exec-6] m.m.a.RequestResponseBodyMethodProcessor : Writing [{123, 34, 111, 112, 101, 110, 97, 112, 105, 34, 58, 34, 51, 46, 48, 46, 49, 34, 44, 34, 105, 110, 10 (truncated)...]
2025-11-21T17:05:16.541+07:00 DEBUG 50472 --- [content-service] [nio-8081-exec-6] o.s.web.servlet.DispatcherServlet        : Completed 200 OK
2025-11-21T17:05:16.541+07:00 DEBUG 50472 --- [content-service] [nio-8081-exec-9] o.s.web.servlet.DispatcherServlet        : GET "/v3/api-docs", parameters={}
2025-11-21T17:05:16.541+07:00 DEBUG 50472 --- [content-service] [nio-8081-exec-9] s.w.s.m.m.a.RequestMappingHandlerMapping : Mapped to org.springdoc.webmvc.api.OpenApiWebMvcResource#openapiJson(HttpServletRequest, String, Locale)
2025-11-21T17:05:16.543+07:00 DEBUG 50472 --- [content-service] [nio-8081-exec-9] m.m.a.RequestResponseBodyMethodProcessor : Using 'application/json', given [application/json, */*] and supported [application/json]
2025-11-21T17:05:16.551+07:00 DEBUG 50472 --- [content-service] [nio-8081-exec-9] m.m.a.RequestResponseBodyMethodProcessor : Writing [{123, 34, 111, 112, 101, 110, 97, 112, 105, 34, 58, 34, 51, 46, 48, 46, 49, 34, 44, 34, 105, 110, 10 (truncated)...]
2025-11-21T17:05:16.551+07:00 DEBUG 50472 --- [content-service] [nio-8081-exec-9] o.s.web.servlet.DispatcherServlet        : Completed 200 OK
